<?xml version="1.0" encoding="UTF-8"?>
<testng-results ignored="0" total="1" passed="1" failed="0" skipped="0">
  <reporter-output>
  </reporter-output>
  <suite started-at="2023-06-08T14:54:23 CEST" name="Default suite" finished-at="2023-06-08T14:54:32 CEST" duration-ms="9353">
    <groups>
    </groups>
    <test started-at="2023-06-08T14:54:23 CEST" name="Default test" finished-at="2023-06-08T14:54:32 CEST" duration-ms="9353">
      <class name="main.CheckCNP">
        <test-method is-config="true" signature="setUp()[pri:0, instance:main.CheckCNP@470734c3]" started-at="2023-06-08T14:54:23 CEST" name="setUp" finished-at="2023-06-08T14:54:26 CEST" duration-ms="3366" status="PASS">
          <reporter-output>
          </reporter-output>
        </test-method> <!-- setUp -->
        <test-method signature="inputCNP()[pri:0, instance:main.CheckCNP@470734c3]" started-at="2023-06-08T14:54:26 CEST" name="inputCNP" finished-at="2023-06-08T14:54:32 CEST" duration-ms="5481" status="PASS">
          <reporter-output>
          </reporter-output>
        </test-method> <!-- inputCNP -->
        <test-method is-config="true" signature="tearDown()[pri:0, instance:main.CheckCNP@470734c3]" started-at="2023-06-08T14:54:32 CEST" name="tearDown" finished-at="2023-06-08T14:54:32 CEST" duration-ms="482" status="PASS">
          <reporter-output>
          </reporter-output>
        </test-method> <!-- tearDown -->
      </class> <!-- main.CheckCNP -->
    </test> <!-- Default test -->
  </suite> <!-- Default suite -->
</testng-results>
